#
# A fatal error has been detected by the Java Runtime Environment:
#
#  EXCEPTION_ACCESS_VIOLATION (0xc0000005) at pc=0x000000006ec4b5bb, pid=8956, tid=8512
#
# JRE version: Java(TM) SE Runtime Environment (15.0.2+7) (build 15.0.2+7-27)
# Java VM: Java HotSpot(TM) 64-Bit Server VM (15.0.2+7-27, mixed mode, sharing, tiered, compressed oops, g1 gc, windows-amd64)
# Problematic frame:
# C  [jSSC-2.7_x86_64.dll+0xb5bb]
#
# No core dump will be written. Minidumps are not enabled by default on client versions of Windows
#
# If you would like to submit a bug report, please visit:
#   https://bugreport.java.com/bugreport/crash.jsp
# The crash happened outside the Java Virtual Machine in native code.
# See problematic frame for where to report the bug.
#

---------------  S U M M A R Y ------------

Command Line: -Dfile.encoding=UTF-8 --module-path=C:\Java\Fundamentos\Arras3888\build\classes arras3888.Main

Host: Intel(R) Core(TM) i7-10750H CPU @ 2.60GHz, 12 cores, 15G,  Windows 10 , 64 bit Build 22000 (10.0.22000.675)
Time: Mon Jun  6 15:58:46 2022 Hora de verano central (México) elapsed time: 0.816057 seconds (0d 0h 0m 0s)

---------------  T H R E A D  ---------------

Current thread (0x000001a18c0c0530):  JavaThread "AWT-EventQueue-0" [_thread_in_native, id=8512, stack(0x00000065cac00000,0x00000065cad00000)]

Stack: [0x00000065cac00000,0x00000065cad00000],  sp=0x00000065cacfe6e0,  free space=1017k
Native frames: (J=compiled Java code, j=interpreted, Vv=VM code, C=native code)
C  [jSSC-2.7_x86_64.dll+0xb5bb]

Java frames: (J=compiled Java code, j=interpreted, Vv=VM code)
j  jssc.SerialNativeInterface.openPort(Ljava/lang/String;Z)J+0
j  jssc.SerialPort.openPort()Z+65
j  comunicacionserial.ComunicacionSerial_Arduino.arduinoRXTX(Ljava/lang/String;ILjssc/SerialPortEventListener;)V+58
j  arras3888.Main.<init>()V+162
j  arras3888.Main$8.run()V+4
j  java.awt.event.InvocationEvent.dispatch()V+47 java.desktop@15.0.2
j  java.awt.EventQueue.dispatchEventImpl(Ljava/awt/AWTEvent;Ljava/lang/Object;)V+21 java.desktop@15.0.2
j  java.awt.EventQueue$4.run()Ljava/lang/Void;+32 java.desktop@15.0.2
j  java.awt.EventQueue$4.run()Ljava/lang/Object;+1 java.desktop@15.0.2
j  java.security.AccessController.executePrivileged(Ljava/security/PrivilegedAction;Ljava/security/AccessControlContext;Ljava/lang/Class;)Ljava/lang/Object;+29 java.base@15.0.2
j  java.security.AccessController.doPrivileged(Ljava/security/PrivilegedAction;Ljava/security/AccessControlContext;)Ljava/lang/Object;+13 java.base@15.0.2
j  java.security.ProtectionDomain$JavaSecurityAccessImpl.doIntersectionPrivilege(Ljava/security/PrivilegedAction;Ljava/security/AccessControlContext;Ljava/security/AccessControlContext;)Ljava/lang/Object;+18 java.base@15.0.2
j  java.awt.EventQueue.dispatchEvent(Ljava/awt/AWTEvent;)V+46 java.desktop@15.0.2
j  java.awt.EventDispatchThread.pumpOneEventForFilters(I)V+78 java.desktop@15.0.2
j  java.awt.EventDispatchThread.pumpEventsForFilter(ILjava/awt/Conditional;Ljava/awt/EventFilter;)V+35 java.desktop@15.0.2
j  java.awt.EventDispatchThread.pumpEventsForHierarchy(ILjava/awt/Conditional;Ljava/awt/Component;)V+11 java.desktop@15.0.2
j  java.awt.EventDispatchThread.pumpEvents(ILjava/awt/Conditional;)V+4 java.desktop@15.0.2
j  java.awt.EventDispatchThread.pumpEvents(Ljava/awt/Conditional;)V+3 java.desktop@15.0.2
j  java.awt.EventDispatchThread.run()V+9 java.desktop@15.0.2
v  ~StubRoutines::call_stub

siginfo: EXCEPTION_ACCESS_VIOLATION (0xc0000005), reading address 0xffffffffe57d1bb1


Register to memory mapping:

RIP=0x000000006ec4b5bb jSSC-2.7_x86_64.dll
RAX=0xffffffffe57d1bb1 is an unknown value
RBX=0x00000065cacfe750 is pointing into the stack for thread: 0x000001a18c0c0530
RCX=0x00007fffe1b64094 ntdll.dll
RDX=0x0 is NULL
RSP=0x00000065cacfe6e0 is pointing into the stack for thread: 0x000001a18c0c0530
RBP=0x00000065cacfe860 is pointing into the stack for thread: 0x000001a18c0c0530
RSI=0x000001a18c0c0858 points into unknown readable memory: 0x00007fffa890de40 | 40 de 90 a8 ff 7f 00 00
RDI=0x0000000000000aec is an unknown value
R8 =0x00000065cacfe5d8 is pointing into the stack for thread: 0x000001a18c0c0530
R9 =0x0 is NULL
R10=0x0 is NULL
R11=0x0000000000000246 is an unknown value
R12=0x00000065cacfe918 is pointing into the stack for thread: 0x000001a18c0c0530
R13=0x000001a1943e0880 points into unknown readable memory: 0x00000000005a0025 | 25 00 5a 00 00 00 00 00
R14=0x00000065cacfe810 is pointing into the stack for thread: 0x000001a18c0c0530
R15=0x000001a18c0c0530 is a thread


Registers:
RAX=0xffffffffe57d1bb1, RBX=0x00000065cacfe750, RCX=0x00007fffe1b64094, RDX=0x0000000000000000
RSP=0x00000065cacfe6e0, RBP=0x00000065cacfe860, RSI=0x000001a18c0c0858, RDI=0x0000000000000aec
R8 =0x00000065cacfe5d8, R9 =0x0000000000000000, R10=0x0000000000000000, R11=0x0000000000000246
R12=0x00000065cacfe918, R13=0x000001a1943e0880, R14=0x00000065cacfe810, R15=0x000001a18c0c0530
RIP=0x000000006ec4b5bb, EFLAGS=0x0000000000010206

Top of Stack: (sp=0x00000065cacfe6e0)
0x00000065cacfe6e0:   000001a18c654ae0 000001a1e52d0000
0x00000065cacfe6f0:   000000006ec4b210 000001a1e5410000
0x00000065cacfe700:   00000065cacfe7c0 0000000000000004
0x00000065cacfe710:   000001a18c0c0858 0000000000000aec
0x00000065cacfe720:   00000065cacfe860 000000006ec52570
0x00000065cacfe730:   000001a18c0c0530 00000065cacfe810
0x00000065cacfe740:   000001a1943e0880 00000065cacfe918
0x00000065cacfe750:   000001a1943e0880 00007fffe1ae79e1
0x00000065cacfe760:   000001a1943e0870 000001a1e5410000
0x00000065cacfe770:   00000065cacfe860 0000000000000000
0x00000065cacfe780:   000000006ec534e0 000000006ec53bc8
0x00000065cacfe790:   00000065cacfe7c0 000000006ec52621
0x00000065cacfe7a0:   00000065cacfe730 000001a18c0c0858
0x00000065cacfe7b0:   0000000000000000 0000000000000000
0x00000065cacfe7c0:   00000065cacfe860 000000006ec41575
0x00000065cacfe7d0:   000000000000001c 000001a100000000 

Instructions: (pc=0x000000006ec4b5bb)
0x000000006ec4b4bb:   48 85 c0 74 bf 44 8b 03 45 85 c0 0f 84 77 ff ff
0x000000006ec4b4cb:   ff eb 9f 66 90 e8 8b fe ff ff 48 89 05 2c 34 01
0x000000006ec4b4db:   00 eb ad 66 90 e8 7b fe ff ff 48 89 05 1c 34 01
0x000000006ec4b4eb:   00 eb 8b e8 8d fe ff ff c7 03 01 00 00 00 e9 6f
0x000000006ec4b4fb:   ff ff ff 66 90 55 48 89 e5 56 53 48 83 ec 20 48
0x000000006ec4b50b:   8b 05 f7 33 01 00 48 8b 31 48 89 cb 48 85 c0 74
0x000000006ec4b51b:   56 44 8b 18 45 85 db 78 42 48 8b 05 dd 33 01 00
0x000000006ec4b52b:   48 85 c0 74 50 44 8b 10 45 85 d2 74 1d 48 89 f1
0x000000006ec4b53b:   e8 d0 fd ff ff 48 8b 13 48 8d 42 40 48 8b 48 08
0x000000006ec4b54b:   48 8b 6a 40 48 8b 60 10 ff e1 48 8b 05 bc 33 01
0x000000006ec4b55b:   00 48 85 c0 74 2d 48 89 30 eb da e8 b5 fe ff ff
0x000000006ec4b56b:   0f 1f 44 00 00 eb b2 e8 e9 fd ff ff 48 89 05 8a
0x000000006ec4b57b:   33 01 00 eb 9c e8 db fd ff ff 48 89 05 7c 33 01
0x000000006ec4b58b:   00 eb a2 e8 3d fd ff ff 48 89 05 7e 33 01 00 eb
0x000000006ec4b59b:   c5 0f 1f 40 00 55 57 56 53 48 83 ec 28 48 8b 05
0x000000006ec4b5ab:   59 33 01 00 48 89 cb 48 85 c0 0f 84 c5 00 00 00
0x000000006ec4b5bb:   8b 38 85 ff 0f 88 ab 00 00 00 48 8b 05 3c 33 01
0x000000006ec4b5cb:   00 48 85 c0 0f 84 bc 00 00 00 8b 30 85 f6 74 57
0x000000006ec4b5db:   48 8b 05 2e 33 01 00 48 85 c0 0f 84 e5 00 00 00
0x000000006ec4b5eb:   8b 28 48 8b 35 30 5e 01 00 ff d6 89 c7 89 e9 ff
0x000000006ec4b5fb:   15 14 5f 01 00 89 f9 48 89 c5 ff 15 d9 5e 01 00
0x000000006ec4b60b:   48 8b 05 fe 32 01 00 48 89 2b 48 85 c0 74 46 48
0x000000006ec4b61b:   89 da 8b 08 ff 15 f7 5e 01 00 85 c0 74 27 48 83
0x000000006ec4b62b:   c4 28 5b 5e 5f 5d c3 48 8b 05 df 32 01 00 48 85
0x000000006ec4b63b:   c0 74 64 48 8b 10 48 89 13 48 89 18 48 83 c4 28
0x000000006ec4b64b:   5b 5e 5f 5d c3 48 89 f2 48 83 c4 28 5b 5e 5f 5d
0x000000006ec4b65b:   48 ff e2 66 90 e8 8b fc ff ff 48 89 05 a4 32 01
0x000000006ec4b66b:   00 eb ac 66 90 e8 ab fd ff ff e9 4b ff ff ff 66
0x000000006ec4b67b:   0f 1f 44 00 00 e8 db fc ff ff 48 89 05 7c 32 01
0x000000006ec4b68b:   00 e9 2a ff ff ff e8 ca fc ff ff 48 89 05 6b 32
0x000000006ec4b69b:   01 00 e9 33 ff ff ff e8 29 fc ff ff 48 89 05 6a
0x000000006ec4b6ab:   32 01 00 48 8b 10 48 85 c0 48 89 13 75 8b e8 12 


Stack slot to memory mapping:
stack at sp + 0 slots: 0x000001a18c654ae0 points into unknown readable memory: 0x000001a1e52d1440 | 40 14 2d e5 a1 01 00 00
stack at sp + 1 slots: 0x000001a1e52d0000 points into unknown readable memory: 0x0000000000000000 | 00 00 00 00 00 00 00 00
stack at sp + 2 slots: 0x000000006ec4b210 jSSC-2.7_x86_64.dll
stack at sp + 3 slots: 0x000001a1e5410000 points into unknown readable memory: 0x0000000000000000 | 00 00 00 00 00 00 00 00
stack at sp + 4 slots: 0x00000065cacfe7c0 is pointing into the stack for thread: 0x000001a18c0c0530
stack at sp + 5 slots: 0x0000000000000004 is an unknown value
stack at sp + 6 slots: 0x000001a18c0c0858 points into unknown readable memory: 0x00007fffa890de40 | 40 de 90 a8 ff 7f 00 00
stack at sp + 7 slots: 0x0000000000000aec is an unknown value


---------------  P R O C E S S  ---------------

Threads class SMR info:
_java_thread_list=0x000001a193f95ca0, length=20, elements={
0x000001a18b0c6c40, 0x000001a18b0c7720, 0x000001a18b8e1370, 0x000001a18b8e4040,
0x000001a18b8e6910, 0x000001a18b8eaa00, 0x000001a18b8ec310, 0x000001a18b8ecc10,
0x000001a18b9f6e60, 0x000001a18ba6a4c0, 0x000001a18bf780a0, 0x000001a18bccd7b0,
0x000001a18bccdc80, 0x000001a18c0c0530, 0x000001a1e5670890, 0x000001a18c763670,
0x000001a193eee4c0, 0x000001a1941bbe10, 0x000001a1943dc4e0, 0x000001a19468c4f0
}

Java Threads: ( => current thread )
  0x000001a18b0c6c40 JavaThread "Reference Handler" daemon [_thread_blocked, id=5696, stack(0x00000065c9d00000,0x00000065c9e00000)]
  0x000001a18b0c7720 JavaThread "Finalizer" daemon [_thread_blocked, id=11520, stack(0x00000065c9e00000,0x00000065c9f00000)]
  0x000001a18b8e1370 JavaThread "Signal Dispatcher" daemon [_thread_blocked, id=6452, stack(0x00000065c9f00000,0x00000065ca000000)]
  0x000001a18b8e4040 JavaThread "Attach Listener" daemon [_thread_blocked, id=12784, stack(0x00000065ca000000,0x00000065ca100000)]
  0x000001a18b8e6910 JavaThread "Service Thread" daemon [_thread_blocked, id=14252, stack(0x00000065ca100000,0x00000065ca200000)]
  0x000001a18b8eaa00 JavaThread "C2 CompilerThread0" daemon [_thread_blocked, id=5420, stack(0x00000065ca200000,0x00000065ca300000)]
  0x000001a18b8ec310 JavaThread "C1 CompilerThread0" daemon [_thread_blocked, id=13564, stack(0x00000065ca300000,0x00000065ca400000)]
  0x000001a18b8ecc10 JavaThread "Sweeper thread" daemon [_thread_blocked, id=4912, stack(0x00000065ca400000,0x00000065ca500000)]
  0x000001a18b9f6e60 JavaThread "Common-Cleaner" daemon [_thread_blocked, id=9364, stack(0x00000065ca500000,0x00000065ca600000)]
  0x000001a18ba6a4c0 JavaThread "Notification Thread" daemon [_thread_blocked, id=13100, stack(0x00000065ca600000,0x00000065ca700000)]
  0x000001a18bf780a0 JavaThread "Java2D Disposer" daemon [_thread_blocked, id=6956, stack(0x00000065ca900000,0x00000065caa00000)]
  0x000001a18bccd7b0 JavaThread "AWT-Shutdown" [_thread_blocked, id=2064, stack(0x00000065caa00000,0x00000065cab00000)]
  0x000001a18bccdc80 JavaThread "AWT-Windows" daemon [_thread_in_native, id=3156, stack(0x00000065cab00000,0x00000065cac00000)]
=>0x000001a18c0c0530 JavaThread "AWT-EventQueue-0" [_thread_in_native, id=8512, stack(0x00000065cac00000,0x00000065cad00000)]
  0x000001a1e5670890 JavaThread "DestroyJavaVM" [_thread_blocked, id=2108, stack(0x00000065c9600000,0x00000065c9700000)]
  0x000001a18c763670 JavaThread "mysql-cj-abandoned-connection-cleanup" daemon [_thread_blocked, id=12092, stack(0x00000065ca800000,0x00000065ca900000)]
  0x000001a193eee4c0 JavaThread "C2 CompilerThread1" daemon [_thread_blocked, id=13688, stack(0x00000065caf00000,0x00000065cb000000)]
  0x000001a1941bbe10 JavaThread "C2 CompilerThread2" daemon [_thread_blocked, id=12604, stack(0x00000065cb000000,0x00000065cb100000)]
  0x000001a1943dc4e0 JavaThread "Image Fetcher 0" daemon [_thread_blocked, id=13548, stack(0x00000065cb600000,0x00000065cb700000)]
  0x000001a19468c4f0 JavaThread "TimerQueue" daemon [_thread_blocked, id=8836, stack(0x00000065cb700000,0x00000065cb800000)]

Other Threads:
  0x000001a18b0c54b0 VMThread "VM Thread" [stack: 0x00000065c9c00000,0x00000065c9d00000] [id=5432]
  0x000001a1e5671790 WatcherThread [stack: 0x00000065ca700000,0x00000065ca800000] [id=9888]
  0x000001a1e56c33b0 GCTaskThread "GC Thread#0" [stack: 0x00000065c9700000,0x00000065c9800000] [id=11288]
  0x000001a18c566370 GCTaskThread "GC Thread#1" [stack: 0x00000065cb100000,0x00000065cb200000] [id=2736]
  0x000001a18c5669d0 GCTaskThread "GC Thread#2" [stack: 0x00000065cb200000,0x00000065cb300000] [id=2520]
  0x000001a18c567030 GCTaskThread "GC Thread#3" [stack: 0x00000065cb300000,0x00000065cb400000] [id=8216]
  0x000001a18c567360 GCTaskThread "GC Thread#4" [stack: 0x00000065cb400000,0x00000065cb500000] [id=1224]
  0x000001a18c567cf0 GCTaskThread "GC Thread#5" [stack: 0x00000065cb500000,0x00000065cb600000] [id=5928]
  0x000001a1e56d51e0 ConcurrentGCThread "G1 Main Marker" [stack: 0x00000065c9800000,0x00000065c9900000] [id=7504]
  0x000001a1e56d6480 ConcurrentGCThread "G1 Conc#0" [stack: 0x00000065c9900000,0x00000065c9a00000] [id=13716]
  0x000001a1e574e700 ConcurrentGCThread "G1 Refine#0" [stack: 0x00000065c9a00000,0x00000065c9b00000] [id=12544]
  0x000001a18af39260 ConcurrentGCThread "G1 Young RemSet Sampling" [stack: 0x00000065c9b00000,0x00000065c9c00000] [id=1996]

Threads with active compile tasks:

VM state: not at safepoint (normal execution)

VM Mutex/Monitor currently owned by a thread: None

Heap address: 0x0000000703400000, size: 4044 MB, Compressed Oops mode: Zero based, Oop shift amount: 3
CDS archive(s) mapped at: [0x0000000800000000-0x0000000800b50000-0x0000000800b50000), size 11862016, SharedBaseAddress: 0x0000000800000000, ArchiveRelocationMode: 0.
Compressed class space mapped at: 0x0000000800b50000-0x0000000840b50000, size: 1073741824
Narrow klass base: 0x0000000800000000, Narrow klass shift: 3, Narrow klass range: 0x100000000

GC Precious Log:
 CPUs: 12 total, 12 available
 Memory: 16173M
 Large Page Support: Disabled
 NUMA Support: Disabled
 Compressed Oops: Enabled (Zero based)
 Heap Region Size: 2M
 Heap Min Capacity: 8M
 Heap Initial Capacity: 254M
 Heap Max Capacity: 4044M
 Pre-touch: Disabled
 Parallel Workers: 10
 Concurrent Workers: 3
 Concurrent Refinement Workers: 10
 Periodic GC: Disabled

Heap:
 garbage-first heap   total 260096K, used 13051K [0x0000000703400000, 0x0000000800000000)
  region size 2048K, 7 young (14336K), 2 survivors (4096K)
 Metaspace       used 19127K, capacity 19332K, committed 19456K, reserved 1067008K
  class space    used 2212K, capacity 2300K, committed 2304K, reserved 1048576K

Heap Regions: E=young(eden), S=young(survivor), O=old, HS=humongous(starts), HC=humongous(continues), CS=collection set, F=free, OA=open archive, CA=closed archive, TAMS=top-at-mark-start (previous, next)
|   0|0x0000000703400000, 0x00000007034bec00, 0x0000000703600000| 37%| O|  |TAMS 0x0000000703400000, 0x0000000703400000| Untracked 
|   1|0x0000000703600000, 0x0000000703600000, 0x0000000703800000|  0%| F|  |TAMS 0x0000000703600000, 0x0000000703600000| Untracked 
|   2|0x0000000703800000, 0x0000000703800000, 0x0000000703a00000|  0%| F|  |TAMS 0x0000000703800000, 0x0000000703800000| Untracked 
|   3|0x0000000703a00000, 0x0000000703a00000, 0x0000000703c00000|  0%| F|  |TAMS 0x0000000703a00000, 0x0000000703a00000| Untracked 
|   4|0x0000000703c00000, 0x0000000703c00000, 0x0000000703e00000|  0%| F|  |TAMS 0x0000000703c00000, 0x0000000703c00000| Untracked 
|   5|0x0000000703e00000, 0x0000000703e00000, 0x0000000704000000|  0%| F|  |TAMS 0x0000000703e00000, 0x0000000703e00000| Untracked 
|   6|0x0000000704000000, 0x0000000704000000, 0x0000000704200000|  0%| F|  |TAMS 0x0000000704000000, 0x0000000704000000| Untracked 
|   7|0x0000000704200000, 0x0000000704200000, 0x0000000704400000|  0%| F|  |TAMS 0x0000000704200000, 0x0000000704200000| Untracked 
|   8|0x0000000704400000, 0x0000000704400000, 0x0000000704600000|  0%| F|  |TAMS 0x0000000704400000, 0x0000000704400000| Untracked 
|   9|0x0000000704600000, 0x0000000704600000, 0x0000000704800000|  0%| F|  |TAMS 0x0000000704600000, 0x0000000704600000| Untracked 
|  10|0x0000000704800000, 0x0000000704800000, 0x0000000704a00000|  0%| F|  |TAMS 0x0000000704800000, 0x0000000704800000| Untracked 
|  11|0x0000000704a00000, 0x0000000704a00000, 0x0000000704c00000|  0%| F|  |TAMS 0x0000000704a00000, 0x0000000704a00000| Untracked 
|  12|0x0000000704c00000, 0x0000000704c00000, 0x0000000704e00000|  0%| F|  |TAMS 0x0000000704c00000, 0x0000000704c00000| Untracked 
|  13|0x0000000704e00000, 0x0000000704e00000, 0x0000000705000000|  0%| F|  |TAMS 0x0000000704e00000, 0x0000000704e00000| Untracked 
|  14|0x0000000705000000, 0x0000000705000000, 0x0000000705200000|  0%| F|  |TAMS 0x0000000705000000, 0x0000000705000000| Untracked 
|  15|0x0000000705200000, 0x0000000705200000, 0x0000000705400000|  0%| F|  |TAMS 0x0000000705200000, 0x0000000705200000| Untracked 
|  16|0x0000000705400000, 0x0000000705400000, 0x0000000705600000|  0%| F|  |TAMS 0x0000000705400000, 0x0000000705400000| Untracked 
|  17|0x0000000705600000, 0x0000000705600000, 0x0000000705800000|  0%| F|  |TAMS 0x0000000705600000, 0x0000000705600000| Untracked 
|  18|0x0000000705800000, 0x0000000705800000, 0x0000000705a00000|  0%| F|  |TAMS 0x0000000705800000, 0x0000000705800000| Untracked 
|  19|0x0000000705a00000, 0x0000000705a00000, 0x0000000705c00000|  0%| F|  |TAMS 0x0000000705a00000, 0x0000000705a00000| Untracked 
|  20|0x0000000705c00000, 0x0000000705c00000, 0x0000000705e00000|  0%| F|  |TAMS 0x0000000705c00000, 0x0000000705c00000| Untracked 
|  21|0x0000000705e00000, 0x0000000705e00000, 0x0000000706000000|  0%| F|  |TAMS 0x0000000705e00000, 0x0000000705e00000| Untracked 
|  22|0x0000000706000000, 0x0000000706000000, 0x0000000706200000|  0%| F|  |TAMS 0x0000000706000000, 0x0000000706000000| Untracked 
|  23|0x0000000706200000, 0x0000000706200000, 0x0000000706400000|  0%| F|  |TAMS 0x0000000706200000, 0x0000000706200000| Untracked 
|  24|0x0000000706400000, 0x0000000706400000, 0x0000000706600000|  0%| F|  |TAMS 0x0000000706400000, 0x0000000706400000| Untracked 
|  25|0x0000000706600000, 0x0000000706600000, 0x0000000706800000|  0%| F|  |TAMS 0x0000000706600000, 0x0000000706600000| Untracked 
|  26|0x0000000706800000, 0x0000000706800000, 0x0000000706a00000|  0%| F|  |TAMS 0x0000000706800000, 0x0000000706800000| Untracked 
|  27|0x0000000706a00000, 0x0000000706a00000, 0x0000000706c00000|  0%| F|  |TAMS 0x0000000706a00000, 0x0000000706a00000| Untracked 
|  28|0x0000000706c00000, 0x0000000706c00000, 0x0000000706e00000|  0%| F|  |TAMS 0x0000000706c00000, 0x0000000706c00000| Untracked 
|  29|0x0000000706e00000, 0x0000000706e00000, 0x0000000707000000|  0%| F|  |TAMS 0x0000000706e00000, 0x0000000706e00000| Untracked 
|  30|0x0000000707000000, 0x0000000707000000, 0x0000000707200000|  0%| F|  |TAMS 0x0000000707000000, 0x0000000707000000| Untracked 
|  31|0x0000000707200000, 0x0000000707200000, 0x0000000707400000|  0%| F|  |TAMS 0x0000000707200000, 0x0000000707200000| Untracked 
|  32|0x0000000707400000, 0x0000000707400000, 0x0000000707600000|  0%| F|  |TAMS 0x0000000707400000, 0x0000000707400000| Untracked 
|  33|0x0000000707600000, 0x0000000707600000, 0x0000000707800000|  0%| F|  |TAMS 0x0000000707600000, 0x0000000707600000| Untracked 
|  34|0x0000000707800000, 0x0000000707800000, 0x0000000707a00000|  0%| F|  |TAMS 0x0000000707800000, 0x0000000707800000| Untracked 
|  35|0x0000000707a00000, 0x0000000707a00000, 0x0000000707c00000|  0%| F|  |TAMS 0x0000000707a00000, 0x0000000707a00000| Untracked 
|  36|0x0000000707c00000, 0x0000000707c00000, 0x0000000707e00000|  0%| F|  |TAMS 0x0000000707c00000, 0x0000000707c00000| Untracked 
|  37|0x0000000707e00000, 0x0000000707e00000, 0x0000000708000000|  0%| F|  |TAMS 0x0000000707e00000, 0x0000000707e00000| Untracked 
|  38|0x0000000708000000, 0x0000000708000000, 0x0000000708200000|  0%| F|  |TAMS 0x0000000708000000, 0x0000000708000000| Untracked 
|  39|0x0000000708200000, 0x0000000708200000, 0x0000000708400000|  0%| F|  |TAMS 0x0000000708200000, 0x0000000708200000| Untracked 
|  40|0x0000000708400000, 0x0000000708400000, 0x0000000708600000|  0%| F|  |TAMS 0x0000000708400000, 0x0000000708400000| Untracked 
|  41|0x0000000708600000, 0x0000000708600000, 0x0000000708800000|  0%| F|  |TAMS 0x0000000708600000, 0x0000000708600000| Untracked 
|  42|0x0000000708800000, 0x0000000708800000, 0x0000000708a00000|  0%| F|  |TAMS 0x0000000708800000, 0x0000000708800000| Untracked 
|  43|0x0000000708a00000, 0x0000000708a00000, 0x0000000708c00000|  0%| F|  |TAMS 0x0000000708a00000, 0x0000000708a00000| Untracked 
|  44|0x0000000708c00000, 0x0000000708c00000, 0x0000000708e00000|  0%| F|  |TAMS 0x0000000708c00000, 0x0000000708c00000| Untracked 
|  45|0x0000000708e00000, 0x0000000708e00000, 0x0000000709000000|  0%| F|  |TAMS 0x0000000708e00000, 0x0000000708e00000| Untracked 
|  46|0x0000000709000000, 0x0000000709000000, 0x0000000709200000|  0%| F|  |TAMS 0x0000000709000000, 0x0000000709000000| Untracked 
|  47|0x0000000709200000, 0x0000000709200000, 0x0000000709400000|  0%| F|  |TAMS 0x0000000709200000, 0x0000000709200000| Untracked 
|  48|0x0000000709400000, 0x0000000709400000, 0x0000000709600000|  0%| F|  |TAMS 0x0000000709400000, 0x0000000709400000| Untracked 
|  49|0x0000000709600000, 0x0000000709600000, 0x0000000709800000|  0%| F|  |TAMS 0x0000000709600000, 0x0000000709600000| Untracked 
|  50|0x0000000709800000, 0x0000000709800000, 0x0000000709a00000|  0%| F|  |TAMS 0x0000000709800000, 0x0000000709800000| Untracked 
|  51|0x0000000709a00000, 0x0000000709a00000, 0x0000000709c00000|  0%| F|  |TAMS 0x0000000709a00000, 0x0000000709a00000| Untracked 
|  52|0x0000000709c00000, 0x0000000709c00000, 0x0000000709e00000|  0%| F|  |TAMS 0x0000000709c00000, 0x0000000709c00000| Untracked 
|  53|0x0000000709e00000, 0x0000000709e00000, 0x000000070a000000|  0%| F|  |TAMS 0x0000000709e00000, 0x0000000709e00000| Untracked 
|  54|0x000000070a000000, 0x000000070a000000, 0x000000070a200000|  0%| F|  |TAMS 0x000000070a000000, 0x000000070a000000| Untracked 
|  55|0x000000070a200000, 0x000000070a200000, 0x000000070a400000|  0%| F|  |TAMS 0x000000070a200000, 0x000000070a200000| Untracked 
|  56|0x000000070a400000, 0x000000070a400000, 0x000000070a600000|  0%| F|  |TAMS 0x000000070a400000, 0x000000070a400000| Untracked 
|  57|0x000000070a600000, 0x000000070a600000, 0x000000070a800000|  0%| F|  |TAMS 0x000000070a600000, 0x000000070a600000| Untracked 
|  58|0x000000070a800000, 0x000000070a800000, 0x000000070aa00000|  0%| F|  |TAMS 0x000000070a800000, 0x000000070a800000| Untracked 
|  59|0x000000070aa00000, 0x000000070aa00000, 0x000000070ac00000|  0%| F|  |TAMS 0x000000070aa00000, 0x000000070aa00000| Untracked 
|  60|0x000000070ac00000, 0x000000070ac00000, 0x000000070ae00000|  0%| F|  |TAMS 0x000000070ac00000, 0x000000070ac00000| Untracked 
|  61|0x000000070ae00000, 0x000000070ae00000, 0x000000070b000000|  0%| F|  |TAMS 0x000000070ae00000, 0x000000070ae00000| Untracked 
|  62|0x000000070b000000, 0x000000070b000000, 0x000000070b200000|  0%| F|  |TAMS 0x000000070b000000, 0x000000070b000000| Untracked 
|  63|0x000000070b200000, 0x000000070b200000, 0x000000070b400000|  0%| F|  |TAMS 0x000000070b200000, 0x000000070b200000| Untracked 
|  64|0x000000070b400000, 0x000000070b400000, 0x000000070b600000|  0%| F|  |TAMS 0x000000070b400000, 0x000000070b400000| Untracked 
|  65|0x000000070b600000, 0x000000070b600000, 0x000000070b800000|  0%| F|  |TAMS 0x000000070b600000, 0x000000070b600000| Untracked 
|  66|0x000000070b800000, 0x000000070b800000, 0x000000070ba00000|  0%| F|  |TAMS 0x000000070b800000, 0x000000070b800000| Untracked 
|  67|0x000000070ba00000, 0x000000070ba00000, 0x000000070bc00000|  0%| F|  |TAMS 0x000000070ba00000, 0x000000070ba00000| Untracked 
|  68|0x000000070bc00000, 0x000000070bc00000, 0x000000070be00000|  0%| F|  |TAMS 0x000000070bc00000, 0x000000070bc00000| Untracked 
|  69|0x000000070be00000, 0x000000070be00000, 0x000000070c000000|  0%| F|  |TAMS 0x000000070be00000, 0x000000070be00000| Untracked 
|  70|0x000000070c000000, 0x000000070c000000, 0x000000070c200000|  0%| F|  |TAMS 0x000000070c000000, 0x000000070c000000| Untracked 
|  71|0x000000070c200000, 0x000000070c200000, 0x000000070c400000|  0%| F|  |TAMS 0x000000070c200000, 0x000000070c200000| Untracked 
|  72|0x000000070c400000, 0x000000070c400000, 0x000000070c600000|  0%| F|  |TAMS 0x000000070c400000, 0x000000070c400000| Untracked 
|  73|0x000000070c600000, 0x000000070c600000, 0x000000070c800000|  0%| F|  |TAMS 0x000000070c600000, 0x000000070c600000| Untracked 
|  74|0x000000070c800000, 0x000000070c800000, 0x000000070ca00000|  0%| F|  |TAMS 0x000000070c800000, 0x000000070c800000| Untracked 
|  75|0x000000070ca00000, 0x000000070ca00000, 0x000000070cc00000|  0%| F|  |TAMS 0x000000070ca00000, 0x000000070ca00000| Untracked 
|  76|0x000000070cc00000, 0x000000070cc00000, 0x000000070ce00000|  0%| F|  |TAMS 0x000000070cc00000, 0x000000070cc00000| Untracked 
|  77|0x000000070ce00000, 0x000000070ce00000, 0x000000070d000000|  0%| F|  |TAMS 0x000000070ce00000, 0x000000070ce00000| Untracked 
|  78|0x000000070d000000, 0x000000070d000000, 0x000000070d200000|  0%| F|  |TAMS 0x000000070d000000, 0x000000070d000000| Untracked 
|  79|0x000000070d200000, 0x000000070d200000, 0x000000070d400000|  0%| F|  |TAMS 0x000000070d200000, 0x000000070d200000| Untracked 
|  80|0x000000070d400000, 0x000000070d400000, 0x000000070d600000|  0%| F|  |TAMS 0x000000070d400000, 0x000000070d400000| Untracked 
|  81|0x000000070d600000, 0x000000070d600000, 0x000000070d800000|  0%| F|  |TAMS 0x000000070d600000, 0x000000070d600000| Untracked 
|  82|0x000000070d800000, 0x000000070d800000, 0x000000070da00000|  0%| F|  |TAMS 0x000000070d800000, 0x000000070d800000| Untracked 
|  83|0x000000070da00000, 0x000000070da00000, 0x000000070dc00000|  0%| F|  |TAMS 0x000000070da00000, 0x000000070da00000| Untracked 
|  84|0x000000070dc00000, 0x000000070dc00000, 0x000000070de00000|  0%| F|  |TAMS 0x000000070dc00000, 0x000000070dc00000| Untracked 
|  85|0x000000070de00000, 0x000000070de00000, 0x000000070e000000|  0%| F|  |TAMS 0x000000070de00000, 0x000000070de00000| Untracked 
|  86|0x000000070e000000, 0x000000070e000000, 0x000000070e200000|  0%| F|  |TAMS 0x000000070e000000, 0x000000070e000000| Untracked 
|  87|0x000000070e200000, 0x000000070e200000, 0x000000070e400000|  0%| F|  |TAMS 0x000000070e200000, 0x000000070e200000| Untracked 
|  88|0x000000070e400000, 0x000000070e400000, 0x000000070e600000|  0%| F|  |TAMS 0x000000070e400000, 0x000000070e400000| Untracked 
|  89|0x000000070e600000, 0x000000070e600000, 0x000000070e800000|  0%| F|  |TAMS 0x000000070e600000, 0x000000070e600000| Untracked 
|  90|0x000000070e800000, 0x000000070e800000, 0x000000070ea00000|  0%| F|  |TAMS 0x000000070e800000, 0x000000070e800000| Untracked 
|  91|0x000000070ea00000, 0x000000070ea00000, 0x000000070ec00000|  0%| F|  |TAMS 0x000000070ea00000, 0x000000070ea00000| Untracked 
|  92|0x000000070ec00000, 0x000000070ec00000, 0x000000070ee00000|  0%| F|  |TAMS 0x000000070ec00000, 0x000000070ec00000| Untracked 
|  93|0x000000070ee00000, 0x000000070ee00000, 0x000000070f000000|  0%| F|  |TAMS 0x000000070ee00000, 0x000000070ee00000| Untracked 
|  94|0x000000070f000000, 0x000000070f000000, 0x000000070f200000|  0%| F|  |TAMS 0x000000070f000000, 0x000000070f000000| Untracked 
|  95|0x000000070f200000, 0x000000070f200000, 0x000000070f400000|  0%| F|  |TAMS 0x000000070f200000, 0x000000070f200000| Untracked 
|  96|0x000000070f400000, 0x000000070f400000, 0x000000070f600000|  0%| F|  |TAMS 0x000000070f400000, 0x000000070f400000| Untracked 
|  97|0x000000070f600000, 0x000000070f600000, 0x000000070f800000|  0%| F|  |TAMS 0x000000070f600000, 0x000000070f600000| Untracked 
|  98|0x000000070f800000, 0x000000070f800000, 0x000000070fa00000|  0%| F|  |TAMS 0x000000070f800000, 0x000000070f800000| Untracked 
|  99|0x000000070fa00000, 0x000000070fa00000, 0x000000070fc00000|  0%| F|  |TAMS 0x000000070fa00000, 0x000000070fa00000| Untracked 
| 100|0x000000070fc00000, 0x000000070fc00000, 0x000000070fe00000|  0%| F|  |TAMS 0x000000070fc00000, 0x000000070fc00000| Untracked 
| 101|0x000000070fe00000, 0x000000070fe00000, 0x0000000710000000|  0%| F|  |TAMS 0x000000070fe00000, 0x000000070fe00000| Untracked 
| 102|0x0000000710000000, 0x0000000710000000, 0x0000000710200000|  0%| F|  |TAMS 0x0000000710000000, 0x0000000710000000| Untracked 
| 103|0x0000000710200000, 0x0000000710200000, 0x0000000710400000|  0%| F|  |TAMS 0x0000000710200000, 0x0000000710200000| Untracked 
| 104|0x0000000710400000, 0x0000000710400000, 0x0000000710600000|  0%| F|  |TAMS 0x0000000710400000, 0x0000000710400000| Untracked 
| 105|0x0000000710600000, 0x0000000710600000, 0x0000000710800000|  0%| F|  |TAMS 0x0000000710600000, 0x0000000710600000| Untracked 
| 106|0x0000000710800000, 0x0000000710800000, 0x0000000710a00000|  0%| F|  |TAMS 0x0000000710800000, 0x0000000710800000| Untracked 
| 107|0x0000000710a00000, 0x0000000710a00000, 0x0000000710c00000|  0%| F|  |TAMS 0x0000000710a00000, 0x0000000710a00000| Untracked 
| 108|0x0000000710c00000, 0x0000000710c00000, 0x0000000710e00000|  0%| F|  |TAMS 0x0000000710c00000, 0x0000000710c00000| Untracked 
| 109|0x0000000710e00000, 0x0000000710e00000, 0x0000000711000000|  0%| F|  |TAMS 0x0000000710e00000, 0x0000000710e00000| Untracked 
| 110|0x0000000711000000, 0x0000000711000000, 0x0000000711200000|  0%| F|  |TAMS 0x0000000711000000, 0x0000000711000000| Untracked 
| 111|0x0000000711200000, 0x0000000711200000, 0x0000000711400000|  0%| F|  |TAMS 0x0000000711200000, 0x0000000711200000| Untracked 
| 112|0x0000000711400000, 0x0000000711400000, 0x0000000711600000|  0%| F|  |TAMS 0x0000000711400000, 0x0000000711400000| Untracked 
| 113|0x0000000711600000, 0x0000000711600000, 0x0000000711800000|  0%| F|  |TAMS 0x0000000711600000, 0x0000000711600000| Untracked 
| 114|0x0000000711800000, 0x0000000711a00000, 0x0000000711a00000|100%| S|CS|TAMS 0x0000000711800000, 0x0000000711800000| Complete 
| 115|0x0000000711a00000, 0x0000000711c00000, 0x0000000711c00000|100%| S|CS|TAMS 0x0000000711a00000, 0x0000000711a00000| Complete 
| 116|0x0000000711c00000, 0x0000000711c00000, 0x0000000711e00000|  0%| F|  |TAMS 0x0000000711c00000, 0x0000000711c00000| Untracked 
| 117|0x0000000711e00000, 0x0000000711e00000, 0x0000000712000000|  0%| F|  |TAMS 0x0000000711e00000, 0x0000000711e00000| Untracked 
| 118|0x0000000712000000, 0x0000000712000000, 0x0000000712200000|  0%| F|  |TAMS 0x0000000712000000, 0x0000000712000000| Untracked 
| 119|0x0000000712200000, 0x0000000712200000, 0x0000000712400000|  0%| F|  |TAMS 0x0000000712200000, 0x0000000712200000| Untracked 
| 120|0x0000000712400000, 0x0000000712400000, 0x0000000712600000|  0%| F|  |TAMS 0x0000000712400000, 0x0000000712400000| Untracked 
| 121|0x0000000712600000, 0x0000000712600000, 0x0000000712800000|  0%| F|  |TAMS 0x0000000712600000, 0x0000000712600000| Untracked 
| 122|0x0000000712800000, 0x0000000712869e40, 0x0000000712a00000| 20%| E|  |TAMS 0x0000000712800000, 0x0000000712800000| Complete 
| 123|0x0000000712a00000, 0x0000000712c00000, 0x0000000712c00000|100%| E|CS|TAMS 0x0000000712a00000, 0x0000000712a00000| Complete 
| 124|0x0000000712c00000, 0x0000000712e00000, 0x0000000712e00000|100%| E|CS|TAMS 0x0000000712c00000, 0x0000000712c00000| Complete 
| 125|0x0000000712e00000, 0x0000000713000000, 0x0000000713000000|100%| E|CS|TAMS 0x0000000712e00000, 0x0000000712e00000| Complete 
| 126|0x0000000713000000, 0x0000000713200000, 0x0000000713200000|100%| E|CS|TAMS 0x0000000713000000, 0x0000000713000000| Complete 

Card table byte_map: [0x000001a1ff560000,0x000001a1ffd50000] _byte_map_base: 0x000001a1fbd46000

Marking Bits (Prev, Next): (CMBitMap*) 0x000001a1e56c3b30, (CMBitMap*) 0x000001a1e56c3b70
 Prev Bits: [0x000001a1807f0000, 0x000001a184720000)
 Next Bits: [0x000001a184720000, 0x000001a188650000)

Polling page: 0x000001a1e53e0000

Metaspace:

Usage:
  Non-class:     16.63 MB capacity,    16.52 MB (>99%) used,    94.02 KB ( <1%) free+waste,    23.31 KB ( <1%) overhead. 
      Class:      2.25 MB capacity,     2.16 MB ( 96%) used,    78.84 KB (  3%) free+waste,     8.81 KB ( <1%) overhead. 
       Both:     18.88 MB capacity,    18.68 MB ( 99%) used,   172.86 KB ( <1%) free+waste,    32.12 KB ( <1%) overhead. 

Virtual space:
  Non-class space:       18.00 MB reserved,      16.75 MB ( 93%) committed 
      Class space:        1.00 GB reserved,       2.25 MB ( <1%) committed 
             Both:        1.02 GB reserved,      19.00 MB (  2%) committed 

Chunk freelists:
   Non-Class:  56.00 KB
       Class:  4.00 KB
        Both:  60.00 KB

MaxMetaspaceSize: 17179869184.00 GB
CompressedClassSpaceSize: 1.00 GB

CodeHeap 'non-profiled nmethods': size=120000Kb used=690Kb max_used=690Kb free=119309Kb
 bounds [0x000001a1f6bb0000, 0x000001a1f6e20000, 0x000001a1fe0e0000]
CodeHeap 'profiled nmethods': size=120000Kb used=3359Kb max_used=3359Kb free=116640Kb
 bounds [0x000001a1ef680000, 0x000001a1ef9d0000, 0x000001a1f6bb0000]
CodeHeap 'non-nmethods': size=5760Kb used=1368Kb max_used=1387Kb free=4391Kb
 bounds [0x000001a1ef0e0000, 0x000001a1ef350000, 0x000001a1ef680000]
 total_blobs=2591 nmethods=1912 adapters=591
 compilation: enabled
              stopped_count=0, restarted_count=0
 full_count=0

Compilation events (20 events):
Event: 0.803 Thread 0x000001a18b8ec310 1904       1       com.mysql.cj.protocol.a.NativeServerSession::getCharsetSettings (5 bytes)
Event: 0.803 Thread 0x000001a18b8ec310 nmethod 1904 0x000001a1f6c5b910 code [0x000001a1f6c5baa0, 0x000001a1f6c5bb58]
Event: 0.803 Thread 0x000001a18b8ec310 1905       1       com.mysql.cj.conf.AbstractRuntimeProperty::getInitialValue (5 bytes)
Event: 0.803 Thread 0x000001a18b8ec310 nmethod 1905 0x000001a1f6c5bc10 code [0x000001a1f6c5bda0, 0x000001a1f6c5be58]
Event: 0.803 Thread 0x000001a193eee4c0 1906 %     4       com.sun.crypto.provider.GHASH::blockMult @ 23 (245 bytes)
Event: 0.803 Thread 0x000001a18b8ec310 1907  s    3       java.lang.StringBuffer::append (15 bytes)
Event: 0.803 Thread 0x000001a18b8ec310 nmethod 1907 0x000001a1ef9c5e10 code [0x000001a1ef9c5fc0, 0x000001a1ef9c61e8]
Event: 0.803 Thread 0x000001a18b8ec310 1908       3       javax.swing.text.GapContent$StickyPosition::getOffset (8 bytes)
Event: 0.803 Thread 0x000001a18b8ec310 nmethod 1908 0x000001a1ef9c6290 code [0x000001a1ef9c6440, 0x000001a1ef9c6588]
Event: 0.803 Thread 0x000001a18b8ec310 1909       3       javax.swing.text.GapContent$MarkData::getOffset (46 bytes)
Event: 0.803 Thread 0x000001a18b8ec310 nmethod 1909 0x000001a1ef9c6690 code [0x000001a1ef9c6840, 0x000001a1ef9c6a78]
Event: 0.804 Thread 0x000001a18b8ec310 1910       3       java.util.TreeMap::rotateRight (96 bytes)
Event: 0.804 Thread 0x000001a18b8ec310 nmethod 1910 0x000001a1ef9c6b90 code [0x000001a1ef9c6d60, 0x000001a1ef9c72d8]
Event: 0.804 Thread 0x000001a18b8ec310 1911       3       java.nio.CharBuffer::position (8 bytes)
Event: 0.804 Thread 0x000001a18b8ec310 nmethod 1911 0x000001a1ef9c7410 code [0x000001a1ef9c75c0, 0x000001a1ef9c7708]
Event: 0.807 Thread 0x000001a18b8ec310 1912       3       java.nio.Buffer::checkIndex (22 bytes)
Event: 0.807 Thread 0x000001a18b8ec310 nmethod 1912 0x000001a1ef9c7790 code [0x000001a1ef9c7940, 0x000001a1ef9c7b88]
Event: 0.807 Thread 0x000001a193eee4c0 nmethod 1906% 0x000001a1f6c5bf10 code [0x000001a1f6c5c0a0, 0x000001a1f6c5c6b8]
Event: 0.808 Thread 0x000001a18b8ec310 1913       1       java.io.File::getPrefixLength (5 bytes)
Event: 0.808 Thread 0x000001a18b8ec310 nmethod 1913 0x000001a1f6c5c890 code [0x000001a1f6c5ca20, 0x000001a1f6c5cad8]

GC Heap History (2 events):
Event: 0.584 GC heap before
{Heap before GC invocations=0 (full 0):
 garbage-first heap   total 260096K, used 22528K [0x0000000703400000, 0x0000000800000000)
  region size 2048K, 11 young (22528K), 0 survivors (0K)
 Metaspace       used 13788K, capacity 14008K, committed 14208K, reserved 1062912K
  class space    used 1521K, capacity 1616K, committed 1664K, reserved 1048576K
}
Event: 0.587 GC heap after
{Heap after GC invocations=1 (full 0):
 garbage-first heap   total 260096K, used 4859K [0x0000000703400000, 0x0000000800000000)
  region size 2048K, 2 young (4096K), 2 survivors (4096K)
 Metaspace       used 13788K, capacity 14008K, committed 14208K, reserved 1062912K
  class space    used 1521K, capacity 1616K, committed 1664K, reserved 1048576K
}

Deoptimization events (20 events):
Event: 0.682 Thread 0x000001a1943dc4e0 Uncommon trap: trap_request=0xffffff45 fr.pc=0x000001a1f6bed558 relative=0x0000000000000058
Event: 0.682 Thread 0x000001a1943dc4e0 Uncommon trap: reason=unstable_if action=reinterpret pc=0x000001a1f6bed558 method=java.lang.AbstractStringBuilder.isLatin1()Z @ 10 c2
Event: 0.682 Thread 0x000001a1943dc4e0 DEOPT PACKING pc=0x000001a1f6bed558 sp=0x00000065cb6fe9f0
Event: 0.682 Thread 0x000001a1943dc4e0 DEOPT UNPACKING pc=0x000001a1ef12e42f sp=0x00000065cb6fe980 mode 2
Event: 0.684 Thread 0x000001a1943dc4e0 Uncommon trap: trap_request=0xffffff45 fr.pc=0x000001a1f6bfd4c4 relative=0x0000000000000044
Event: 0.684 Thread 0x000001a1943dc4e0 Uncommon trap: reason=unstable_if action=reinterpret pc=0x000001a1f6bfd4c4 method=java.lang.CharacterData.of(I)Ljava/lang/CharacterData; @ 4 c2
Event: 0.684 Thread 0x000001a1943dc4e0 DEOPT PACKING pc=0x000001a1f6bfd4c4 sp=0x00000065cb6fe180
Event: 0.684 Thread 0x000001a1943dc4e0 DEOPT UNPACKING pc=0x000001a1ef12e42f sp=0x00000065cb6fe120 mode 2
Event: 0.738 Thread 0x000001a18bccdc80 Uncommon trap: trap_request=0xffffffde fr.pc=0x000001a1f6c3d988 relative=0x0000000000000a68
Event: 0.738 Thread 0x000001a18bccdc80 Uncommon trap: reason=class_check action=maybe_recompile pc=0x000001a1f6c3d988 method=java.util.HashMap.putVal(ILjava/lang/Object;Ljava/lang/Object;ZZ)Ljava/lang/Object; @ 91 c2
Event: 0.738 Thread 0x000001a18bccdc80 DEOPT PACKING pc=0x000001a1f6c3d988 sp=0x00000065cabfe160
Event: 0.738 Thread 0x000001a18bccdc80 DEOPT UNPACKING pc=0x000001a1ef12e42f sp=0x00000065cabfe100 mode 2
Event: 0.738 Thread 0x000001a18bccdc80 Uncommon trap: trap_request=0xffffffde fr.pc=0x000001a1f6c3d988 relative=0x0000000000000a68
Event: 0.738 Thread 0x000001a18bccdc80 Uncommon trap: reason=class_check action=maybe_recompile pc=0x000001a1f6c3d988 method=java.util.HashMap.putVal(ILjava/lang/Object;Ljava/lang/Object;ZZ)Ljava/lang/Object; @ 91 c2
Event: 0.738 Thread 0x000001a18bccdc80 DEOPT PACKING pc=0x000001a1f6c3d988 sp=0x00000065cabfe160
Event: 0.738 Thread 0x000001a18bccdc80 DEOPT UNPACKING pc=0x000001a1ef12e42f sp=0x00000065cabfe100 mode 2
Event: 0.798 Thread 0x000001a18c0c0530 Uncommon trap: trap_request=0xffffff45 fr.pc=0x000001a1f6c51170 relative=0x0000000000000170
Event: 0.798 Thread 0x000001a18c0c0530 Uncommon trap: reason=unstable_if action=reinterpret pc=0x000001a1f6c51170 method=java.lang.StringCoding.hasNegatives([BII)Z @ 12 c2
Event: 0.798 Thread 0x000001a18c0c0530 DEOPT PACKING pc=0x000001a1f6c51170 sp=0x00000065cacfe1f0
Event: 0.798 Thread 0x000001a18c0c0530 DEOPT UNPACKING pc=0x000001a1ef12e42f sp=0x00000065cacfe198 mode 2

Classes unloaded (0 events):
No events

Classes redefined (0 events):
No events

Internal exceptions (20 events):
Event: 0.160 Thread 0x000001a1e5670890 Exception <a 'java/lang/ClassNotFoundException'{0x0000000712cd8b08}: com/sun/swing/internal/plaf/metal/resources/spi/metalProvider> (0x0000000712cd8b08) 
thrown [./open/src/hotspot/share/classfile/systemDictionary.cpp, line 295]
Event: 0.160 Thread 0x000001a1e5670890 Exception <a 'java/lang/ClassNotFoundException'{0x0000000712cdca70}: com/sun/swing/internal/plaf/basic/resources/spi/basicProvider> (0x0000000712cdca70) 
thrown [./open/src/hotspot/share/classfile/systemDictionary.cpp, line 295]
Event: 0.162 Thread 0x000001a1e5670890 Exception <a 'java/lang/NoSuchMethodError'{0x0000000712cea2d8}: 'void java.lang.invoke.DirectMethodHandle$Holder.invokeStaticInit(java.lang.Object)'> (0x0000000712cea2d8) 
thrown [./open/src/hotspot/share/interpreter/linkResolver.cpp, line 782]
Event: 0.170 Thread 0x000001a1e5670890 Exception <a 'java/lang/ClassNotFoundException'{0x0000000712d4c790}: com/sun/java/swing/plaf/windows/resources/spi/windowsProvider> (0x0000000712d4c790) 
thrown [./open/src/hotspot/share/classfile/systemDictionary.cpp, line 295]
Event: 0.309 Thread 0x000001a18c0c0530 Implicit null exception at 0x000001a1f6bdfe3e to 0x000001a1f6be086c
Event: 0.311 Thread 0x000001a18c0c0530 Implicit null exception at 0x000001a1f6be180d to 0x000001a1f6be1bdc
Event: 0.332 Thread 0x000001a18c0c0530 Exception <a 'java/lang/NoSuchMethodError'{0x0000000712b91f70}: 'java.lang.Object java.lang.invoke.DirectMethodHandle$Holder.invokeInterface(java.lang.Object, java.lang.Object)'> (0x0000000712b91f70) 
thrown [./open/src/hotspot/share/interpreter/linkResolver.cpp, line 782]
Event: 0.347 Thread 0x000001a18c0c0530 Exception <a 'java/lang/NoSuchMethodError'{0x0000000712824348}: 'void java.lang.invoke.DirectMethodHandle$Holder.invokeStatic(java.lang.Object, java.lang.Object, java.lang.Object)'> (0x0000000712824348) 
thrown [./open/src/hotspot/share/interpreter/linkResolver.cpp, line 782]
Event: 0.348 Thread 0x000001a18c0c0530 Exception <a 'java/lang/NoSuchMethodError'{0x000000071282eb78}: 'java.lang.Object java.lang.invoke.DirectMethodHandle$Holder.invokeVirtual(java.lang.Object, java.lang.Object, java.lang.Object)'> (0x000000071282eb78) 
thrown [./open/src/hotspot/share/interpreter/linkResolver.cpp, line 782]
Event: 0.390 Thread 0x000001a18c0c0530 Exception <a 'java/lang/NoSuchMethodError'{0x0000000712746718}: 'void java.lang.invoke.DirectMethodHandle$Holder.invokeStatic(java.lang.Object, java.lang.Object)'> (0x0000000712746718) 
thrown [./open/src/hotspot/share/interpreter/linkResolver.cpp, line 782]
Event: 0.435 Thread 0x000001a18c0c0530 Exception <a 'java/lang/NoSuchMethodError'{0x000000071227ffe8}: 'void java.lang.invoke.DirectMethodHandle$Holder.invokeStaticInit(java.lang.Object, java.lang.Object)'> (0x000000071227ffe8) 
thrown [./open/src/hotspot/share/interpreter/linkResolver.cpp, line 782]
Event: 0.463 Thread 0x000001a18c0c0530 Exception <a 'java/lang/NoSuchMethodError'{0x00000007123c9648}: 'java.lang.Object java.lang.invoke.DirectMethodHandle$Holder.invokeStaticInit(java.lang.Object, int, int, int, int)'> (0x00000007123c9648) 
thrown [./open/src/hotspot/share/interpreter/linkResolver.cpp, line 782]
Event: 0.464 Thread 0x000001a18c0c0530 Exception <a 'sun/nio/fs/WindowsException'{0x00000007123cfd20}> (0x00000007123cfd20) 
thrown [./open/src/hotspot/share/prims/jni.cpp, line 578]
Event: 0.470 Thread 0x000001a18c0c0530 Exception <a 'java/lang/NoSuchMethodError'{0x00000007123fa018}: 'int java.lang.invoke.DirectMethodHandle$Holder.invokeStaticInit(java.lang.Object, java.lang.Object, java.lang.Object, java.lang.Object)'> (0x00000007123fa018) 
thrown [./open/src/hotspot/share/interpreter/linkResolver.cpp, line 782]
Event: 0.470 Thread 0x000001a18c0c0530 Exception <a 'java/lang/IncompatibleClassChangeError'{0x0000000712004230}: Found class java.lang.Object, but interface was expected> (0x0000000712004230) 
thrown [./open/src/hotspot/share/interpreter/linkResolver.cpp, line 848]
Event: 0.471 Thread 0x000001a18c0c0530 Exception <a 'java/lang/NoSuchMethodError'{0x0000000712009a20}: 'int java.lang.invoke.DirectMethodHandle$Holder.invokeStaticInit(java.lang.Object, java.lang.Object)'> (0x0000000712009a20) 
thrown [./open/src/hotspot/share/interpreter/linkResolver.cpp, line 782]
Event: 0.523 Thread 0x000001a18c0c0530 Exception <a 'java/lang/NoSuchMethodError'{0x0000000711efa358}: 'java.lang.Object java.lang.invoke.DirectMethodHandle$Holder.invokeStaticInit(java.lang.Object, java.lang.Object, int, int, int, int)'> (0x0000000711efa358) 
thrown [./open/src/hotspot/share/interpreter/linkResolver.cpp, line 782]
Event: 0.611 Thread 0x000001a18c0c0530 Implicit null exception at 0x000001a1f6bfd7d7 to 0x000001a1f6bfdd20
Event: 0.611 Thread 0x000001a18c0c0530 Implicit null exception at 0x000001a1f6bfbad4 to 0x000001a1f6bfc00c
Event: 0.687 Thread 0x000001a1943dc4e0 Exception <a 'java/lang/NoSuchMethodError'{0x0000000712f9ff58}: 'java.lang.Object java.lang.invoke.DirectMethodHandle$Holder.newInvokeSpecial(java.lang.Object, java.lang.Object, java.lang.Object, int, int, int, int, int)'> (0x0000000712f9ff58) 
thrown [./open/src/hotspot/share/interpreter/linkResolver.cpp, line 782]

Events (20 events):
Event: 0.783 loading class javax/swing/JTable$Resizable3 done
Event: 0.783 loading class javax/swing/JTable$2 done
Event: 0.783 loading class javax/swing/JTable$5
Event: 0.783 loading class javax/swing/JTable$5 done
Event: 0.783 loading class javax/swing/text/AbstractDocument$ElementEdit
Event: 0.784 loading class javax/swing/text/AbstractDocument$ElementEdit done
Event: 0.790 loading class java/util/TimerTask
Event: 0.790 loading class java/util/TimerTask done
Event: 0.791 loading class java/util/NoSuchElementException
Event: 0.791 loading class java/util/NoSuchElementException done
Event: 0.795 loading class java/time/format/DateTimeParseException
Event: 0.795 loading class java/time/DateTimeException
Event: 0.795 loading class java/time/DateTimeException done
Event: 0.795 loading class java/time/format/DateTimeParseException done
Event: 0.797 loading class javax/swing/event/ListDataEvent
Event: 0.798 loading class javax/swing/event/ListDataEvent done
Event: 0.802 Loaded shared library C:\Program Files\Java\jdk-15.0.2\bin\java.dll
Event: 0.808 loading class java/io/FileOutputStream$1
Event: 0.808 loading class java/io/FileOutputStream$1 done
Event: 0.809 Loaded shared library C:\Users\pedro\.jssc\windows\jSSC-2.7_x86_64.dll


Dynamic libraries:
0x00007ff6a9b50000 - 0x00007ff6a9b5f000 	C:\Program Files\Java\jdk-15.0.2\bin\java.exe
0x00007fffe1ac0000 - 0x00007fffe1cc9000 	C:\WINDOWS\SYSTEM32\ntdll.dll
0x00007fffe05b0000 - 0x00007fffe066d000 	C:\WINDOWS\System32\KERNEL32.DLL
0x00007fffdf1f0000 - 0x00007fffdf569000 	C:\WINDOWS\System32\KERNELBASE.dll
0x00007fffdefb0000 - 0x00007fffdf0c1000 	C:\WINDOWS\System32\ucrtbase.dll
0x00007fffdbbf0000 - 0x00007fffdbc09000 	C:\Program Files\Java\jdk-15.0.2\bin\VCRUNTIME140.dll
0x00007fffce9f0000 - 0x00007fffcea08000 	C:\Program Files\Java\jdk-15.0.2\bin\jli.dll
0x00007fffe1340000 - 0x00007fffe13ee000 	C:\WINDOWS\System32\ADVAPI32.dll
0x00007fffe19d0000 - 0x00007fffe1a73000 	C:\WINDOWS\System32\msvcrt.dll
0x00007fffdfe00000 - 0x00007fffdfe9e000 	C:\WINDOWS\System32\sechost.dll
0x00007fffe1210000 - 0x00007fffe1330000 	C:\WINDOWS\System32\RPCRT4.dll
0x00007fffe0750000 - 0x00007fffe08fc000 	C:\WINDOWS\System32\USER32.dll
0x00007fffc5f60000 - 0x00007fffc6205000 	C:\WINDOWS\WinSxS\amd64_microsoft.windows.common-controls_6595b64144ccf1df_6.0.22000.120_none_9d947278b86cc467\COMCTL32.dll
0x00007fffdf610000 - 0x00007fffdf636000 	C:\WINDOWS\System32\win32u.dll
0x00007fffdf960000 - 0x00007fffdf989000 	C:\WINDOWS\System32\GDI32.dll
0x00007fffdf0d0000 - 0x00007fffdf1e2000 	C:\WINDOWS\System32\gdi32full.dll
0x00007fffdf570000 - 0x00007fffdf60d000 	C:\WINDOWS\System32\msvcp_win.dll
0x00007fffd8280000 - 0x00007fffd828a000 	C:\WINDOWS\SYSTEM32\VERSION.dll
0x00007fffdfea0000 - 0x00007fffdfed1000 	C:\WINDOWS\System32\IMM32.DLL
0x00007fffdbbe0000 - 0x00007fffdbbec000 	C:\Program Files\Java\jdk-15.0.2\bin\vcruntime140_1.dll
0x00007fffac640000 - 0x00007fffac6d1000 	C:\Program Files\Java\jdk-15.0.2\bin\msvcp140.dll
0x00007fffa7f10000 - 0x00007fffa8a6e000 	C:\Program Files\Java\jdk-15.0.2\bin\server\jvm.dll
0x00007fffe0400000 - 0x00007fffe0408000 	C:\WINDOWS\System32\PSAPI.DLL
0x00007fffdbc10000 - 0x00007fffdbc19000 	C:\WINDOWS\SYSTEM32\WSOCK32.dll
0x00007fffd9d80000 - 0x00007fffd9db3000 	C:\WINDOWS\SYSTEM32\WINMM.dll
0x00007fffe14e0000 - 0x00007fffe154f000 	C:\WINDOWS\System32\WS2_32.dll
0x00007fffde1a0000 - 0x00007fffde1b8000 	C:\WINDOWS\SYSTEM32\kernel.appcore.dll
0x00007fffdbb90000 - 0x00007fffdbb9a000 	C:\Program Files\Java\jdk-15.0.2\bin\jimage.dll
0x00007fffc8430000 - 0x00007fffc8651000 	C:\WINDOWS\SYSTEM32\DBGHELP.DLL
0x00007fffc83e0000 - 0x00007fffc8411000 	C:\WINDOWS\SYSTEM32\dbgcore.DLL
0x00007fffdf640000 - 0x00007fffdf6bf000 	C:\WINDOWS\System32\bcryptPrimitives.dll
0x00007fffdb000000 - 0x00007fffdb025000 	C:\Program Files\Java\jdk-15.0.2\bin\java.dll
0x00007fffe0900000 - 0x00007fffe10af000 	C:\WINDOWS\System32\SHELL32.dll
0x00007fffdd100000 - 0x00007fffdd968000 	C:\WINDOWS\SYSTEM32\windows.storage.dll
0x00007fffdf990000 - 0x00007fffdfd08000 	C:\WINDOWS\System32\combase.dll
0x00007fffdcf90000 - 0x00007fffdd0f6000 	C:\WINDOWS\SYSTEM32\wintypes.dll
0x00007fffe10b0000 - 0x00007fffe119a000 	C:\WINDOWS\System32\SHCORE.dll
0x00007fffe11b0000 - 0x00007fffe120d000 	C:\WINDOWS\System32\shlwapi.dll
0x00007fffdeee0000 - 0x00007fffdef01000 	C:\WINDOWS\SYSTEM32\profapi.dll
0x00007fffdaf50000 - 0x00007fffdaf69000 	C:\Program Files\Java\jdk-15.0.2\bin\net.dll
0x00007fffd9a60000 - 0x00007fffd9b6c000 	C:\WINDOWS\SYSTEM32\WINHTTP.dll
0x00007fffde5d0000 - 0x00007fffde637000 	C:\WINDOWS\system32\mswsock.dll
0x00007fffdae00000 - 0x00007fffdae12000 	C:\Program Files\Java\jdk-15.0.2\bin\nio.dll
0x00007fffdade0000 - 0x00007fffdadf8000 	C:\Program Files\Java\jdk-15.0.2\bin\zip.dll
0x00007fffa7d90000 - 0x00007fffa7f10000 	C:\Program Files\Java\jdk-15.0.2\bin\awt.dll
0x00007fffe0670000 - 0x00007fffe0746000 	C:\WINDOWS\System32\OLEAUT32.dll
0x00007fffdc520000 - 0x00007fffdc5b1000 	C:\WINDOWS\SYSTEM32\apphelp.dll
0x00007fffdc610000 - 0x00007fffdc6bc000 	C:\WINDOWS\system32\uxtheme.dll
0x00007fff8fc90000 - 0x00007fff8fdc8000 	C:\ProgramData\A-Volute\A-Volute.Nahimic\Modules\Scheduled\x64\AudioDevProps2.dll
0x00007fffe15b0000 - 0x00007fffe174a000 	C:\WINDOWS\System32\ole32.dll
0x00007fffe0490000 - 0x00007fffe05ae000 	C:\WINDOWS\System32\MSCTF.dll
0x00007fffdca80000 - 0x00007fffdcaaf000 	C:\WINDOWS\system32\DWMAPI.DLL
0x00007fffafab0000 - 0x00007fffafbb1000 	C:\WINDOWS\system32\opengl32.dll
0x00007fffaf940000 - 0x00007fffaf96d000 	C:\WINDOWS\SYSTEM32\GLU32.dll
0x00007fffdc8c0000 - 0x00007fffdc8f8000 	C:\WINDOWS\SYSTEM32\dxcore.dll
0x00007fffd0cb0000 - 0x00007fffd0e56000 	C:\WINDOWS\system32\d3d9.dll
0x00007fffa8d20000 - 0x00007fffa8e85000 	C:\Windows\System32\DriverStore\FileRepository\iigd_dch.inf_amd64_23a1c1315f01c788\igdumdim64.dll
0x00007fff6cf00000 - 0x00007fff71841000 	C:\Windows\System32\DriverStore\FileRepository\iigd_dch.inf_amd64_23a1c1315f01c788\igd9dxva64.dll
0x00007fffdff90000 - 0x00007fffe03fc000 	C:\WINDOWS\System32\SETUPAPI.dll
0x00007fffdecb0000 - 0x00007fffdecfc000 	C:\WINDOWS\SYSTEM32\cfgmgr32.dll
0x00007fffd4ba0000 - 0x00007fffd4e68000 	C:\Windows\System32\DriverStore\FileRepository\iigd_dch.inf_amd64_23a1c1315f01c788\igdgmm64.dll
0x00007fffd92f0000 - 0x00007fffd9334000 	C:\WINDOWS\SYSTEM32\directxdatabasehelper.dll
0x00007fffdc940000 - 0x00007fffdc974000 	C:\WINDOWS\SYSTEM32\ntmarta.dll
0x00007fffc6ac0000 - 0x00007fffc6bc5000 	C:\WINDOWS\System32\DriverStore\FileRepository\nvcvegpu.inf_amd64_c72d1ed6bd27e8cf\nvldumdx.dll
0x00007fffde870000 - 0x00007fffde882000 	C:\WINDOWS\SYSTEM32\msasn1.dll
0x00007fffd8240000 - 0x00007fffd8271000 	C:\WINDOWS\SYSTEM32\cryptnet.dll
0x00007fffdf730000 - 0x00007fffdf892000 	C:\WINDOWS\System32\CRYPT32.dll
0x00007fffde830000 - 0x00007fffde83c000 	C:\WINDOWS\SYSTEM32\cryptbase.dll
0x00007fffdf6c0000 - 0x00007fffdf727000 	C:\WINDOWS\System32\WINTRUST.DLL
0x00007fffe19b0000 - 0x00007fffe19cf000 	C:\WINDOWS\System32\imagehlp.dll
0x00007fffde810000 - 0x00007fffde828000 	C:\WINDOWS\SYSTEM32\CRYPTSP.dll
0x00007fffde100000 - 0x00007fffde135000 	C:\WINDOWS\system32\rsaenh.dll
0x00007fffde990000 - 0x00007fffde9b7000 	C:\WINDOWS\SYSTEM32\bcrypt.dll
0x00007fff6b2b0000 - 0x00007fff6cefa000 	C:\WINDOWS\System32\DriverStore\FileRepository\nvcvegpu.inf_amd64_c72d1ed6bd27e8cf\nvd3dumx.dll
0x00007fff73350000 - 0x00007fff7360e000 	C:\WINDOWS\system32\nvspcap64.dll
0x00007fffde660000 - 0x00007fffde684000 	C:\WINDOWS\SYSTEM32\gpapi.dll
0x00007fffabae0000 - 0x00007fffabb65000 	C:\Program Files\Java\jdk-15.0.2\bin\freetype.dll
0x00007fffaba30000 - 0x00007fffabad9000 	C:\Program Files\Java\jdk-15.0.2\bin\fontmanager.dll
0x00007fffddd10000 - 0x00007fffdddf8000 	C:\WINDOWS\SYSTEM32\DNSAPI.dll
0x00007fffddce0000 - 0x00007fffddd0d000 	C:\WINDOWS\SYSTEM32\IPHLPAPI.DLL
0x00007fffe11a0000 - 0x00007fffe11a9000 	C:\WINDOWS\System32\NSI.dll
0x00007fffcfb80000 - 0x00007fffcfb8a000 	C:\Windows\System32\rasadhlp.dll
0x00007fffd7e10000 - 0x00007fffd7e91000 	C:\WINDOWS\System32\fwpuclnt.dll
0x00007fffcea80000 - 0x00007fffcea8d000 	C:\Program Files\Java\jdk-15.0.2\bin\sunmscapi.dll
0x00007fffde960000 - 0x00007fffde988000 	C:\WINDOWS\SYSTEM32\ncrypt.dll
0x00007fffde920000 - 0x00007fffde957000 	C:\WINDOWS\SYSTEM32\NTASN1.dll
0x00007fffde6c0000 - 0x00007fffde6e9000 	C:\WINDOWS\SYSTEM32\USERENV.dll
0x00007fffd9d50000 - 0x00007fffd9d69000 	C:\WINDOWS\SYSTEM32\dhcpcsvc6.DLL
0x00007fffda0d0000 - 0x00007fffda0ee000 	C:\WINDOWS\SYSTEM32\dhcpcsvc.DLL
0x00007fffdaff0000 - 0x00007fffdb000000 	C:\Program Files\Java\jdk-15.0.2\bin\verify.dll
0x00007fffad5d0000 - 0x00007fffad5fd000 	C:\Program Files\Java\jdk-15.0.2\bin\javajpeg.dll
0x00007fffdfee0000 - 0x00007fffdff8f000 	C:\WINDOWS\System32\clbcatq.dll
0x00007fffd70e0000 - 0x00007fffd728e000 	C:\WINDOWS\SYSTEM32\WindowsCodecs.dll
0x00007fffaa2c0000 - 0x00007fffaa31d000 	C:\WINDOWS\system32\dataexchange.dll
0x00007fffd4e70000 - 0x00007fffd50d6000 	C:\WINDOWS\system32\twinapi.appcore.dll
0x000000006ec40000 - 0x000000006ec65000 	C:\Users\pedro\.jssc\windows\jSSC-2.7_x86_64.dll

dbghelp: loaded successfully - version: 4.0.5 - missing functions: none
symbol engine: initialized successfully - sym options: 0x614 - pdb path: .;C:\Program Files\Java\jdk-15.0.2\bin;C:\WINDOWS\SYSTEM32;C:\WINDOWS\WinSxS\amd64_microsoft.windows.common-controls_6595b64144ccf1df_6.0.22000.120_none_9d947278b86cc467;C:\Program Files\Java\jdk-15.0.2\bin\server;C:\ProgramData\A-Volute\A-Volute.Nahimic\Modules\Scheduled\x64;C:\Windows\System32\DriverStore\FileRepository\iigd_dch.inf_amd64_23a1c1315f01c788;C:\WINDOWS\System32\DriverStore\FileRepository\nvcvegpu.inf_amd64_c72d1ed6bd27e8cf;C:\Users\pedro\.jssc\windows

VM Arguments:
jvm_args: -Dfile.encoding=UTF-8 --module-path=C:\Java\Fundamentos\Arras3888\build\classes 
java_command: arras3888.Main
java_class_path (initial): C:\Program Files\NetBeans-12.4\netbeans\java\modules\ext\AbsoluteLayout.jar;C:\Users\pedro\Downloads\mysql-connector-java-8.0.29\mysql-connector-java-8.0.29.jar;C:\Users\pedro\Downloads\Librerias\Comunicacion Serial\ComunicacionSerial-2.1.jar;C:\Users\pedro\Downloads\Librerias\Comunicacion Serial\lib\jssc.jar;C:\Java\Fundamentos\Arras3888\build\classes
Launcher Type: SUN_STANDARD

[Global flags]
     intx CICompilerCount                          = 4                                         {product} {ergonomic}
     uint ConcGCThreads                            = 3                                         {product} {ergonomic}
     uint G1ConcRefinementThreads                  = 10                                        {product} {ergonomic}
   size_t G1HeapRegionSize                         = 2097152                                   {product} {ergonomic}
    uintx GCDrainStackTargetSize                   = 64                                        {product} {ergonomic}
   size_t InitialHeapSize                          = 266338304                                 {product} {ergonomic}
   size_t MarkStackSize                            = 4194304                                   {product} {ergonomic}
   size_t MaxHeapSize                              = 4240441344                                {product} {ergonomic}
   size_t MaxNewSize                               = 2543845376                                {product} {ergonomic}
   size_t MinHeapDeltaBytes                        = 2097152                                   {product} {ergonomic}
   size_t MinHeapSize                              = 8388608                                   {product} {ergonomic}
    uintx NonNMethodCodeHeapSize                   = 5839372                                {pd product} {ergonomic}
    uintx NonProfiledCodeHeapSize                  = 122909434                              {pd product} {ergonomic}
    uintx ProfiledCodeHeapSize                     = 122909434                              {pd product} {ergonomic}
    uintx ReservedCodeCacheSize                    = 251658240                              {pd product} {ergonomic}
     bool SegmentedCodeCache                       = true                                      {product} {ergonomic}
   size_t SoftMaxHeapSize                          = 4240441344                             {manageable} {ergonomic}
     bool UseCompressedClassPointers               = true                                 {lp64_product} {ergonomic}
     bool UseCompressedOops                        = true                                 {lp64_product} {ergonomic}
     bool UseG1GC                                  = true                                      {product} {ergonomic}
     bool UseLargePagesIndividualAllocation        = false                                  {pd product} {ergonomic}

Logging:
Log output configuration:
 #0: stdout all=warning uptime,level,tags
 #1: stderr all=off uptime,level,tags

Environment Variables:
PATH=C:\Program Files\Common Files\Oracle\Java\javapath;C:\Windows\system32;C:\Windows;C:\Windows\System32\Wbem;C:\Windows\System32\WindowsPowerShell\v1.0\;C:\Windows\System32\OpenSSH\;C:\Program Files (x86)\NVIDIA Corporation\PhysX\Common;C:\Program Files\NVIDIA Corporation\NVIDIA NvDLISR;C:\WINDOWS\system32;C:\WINDOWS;C:\WINDOWS\System32\Wbem;C:\WINDOWS\System32\WindowsPowerShell\v1.0\;C:\WINDOWS\System32\OpenSSH\;C:\Program Files\Git\cmd;C:\laragon\bin\php\php-7.4.19-Win32-vc15-x64;C:\Users\pedro\AppData\Local\Microsoft\WindowsApps;;C:\Users\pedro\AppData\Local\Programs\Microsoft VS Code\bin
USERNAME=pedro
OS=Windows_NT
PROCESSOR_IDENTIFIER=Intel64 Family 6 Model 165 Stepping 2, GenuineIntel



---------------  S Y S T E M  ---------------

OS:
 Windows 10 , 64 bit Build 22000 (10.0.22000.675)
OS uptime: 0 days 6:56 hours

CPU: total 12 (initial active 12) (6 cores per cpu, 2 threads per core) family 6 model 165 stepping 2 microcode 0xe0, cmov, cx8, fxsr, mmx, sse, sse2, sse3, ssse3, sse4.1, sse4.2, popcnt, vzeroupper, avx, avx2, aes, clmul, erms, 3dnowpref, lzcnt, ht, tsc, tscinvbit, bmi1, bmi2, adx, fma, clflush, clflushopt

Memory: 4k page, system-wide physical 16173M (8500M free)
TotalPageFile size 18605M (AvailPageFile size 8289M)
current process WorkingSet (physical memory assigned to process): 123M, peak: 123M
current process commit charge ("private bytes"): 405M, peak: 405M

vm_info: Java HotSpot(TM) 64-Bit Server VM (15.0.2+7-27) for windows-amd64 JRE (15.0.2+7-27), built on Dec  7 2020 20:07:01 by "mach5one" with unknown MS VC++:1925

END.
